<?xml version="1.0" encoding="UTF-8"?>
<testsuite xmlns:xsi="http://www.w3.org/2001/XMLSchema-instance" xsi:noNamespaceSchemaLocation="https://maven.apache.org/surefire/maven-surefire-plugin/xsd/surefire-test-report.xsd" name="com.orsys.tdd.puissance4.boutenbout.TestsBoutEnBoutAT" time="5.84" tests="3" errors="0" skipped="0" failures="0">
  <properties>
[...]
</properties>
  <testcase name="test01ConnexionDeconnexionPremierJoueur" classname="com.orsys.tdd.puissance4.boutenbout.TestsBoutEnBoutAT" time="1.137"/>
  <testcase name="test02AffichagePlateauVidePremierJoueurEtAttenteDeuxiemeJoueur" classname="com.orsys.tdd.puissance4.boutenbout.TestsBoutEnBoutAT" time="0.44"/>
  <testcase name="test03BoutonAjoutColonneInaccessibleLorsqueColonnePleine" classname="com.orsys.tdd.puissance4.boutenbout.TestsBoutEnBoutAT" time="4.261"/>
</testsuite>